# JRE version: OpenJDK Runtime Environment (17.0.6) (build 17.0.6+0-b2043.56-10027231)
# Java VM: OpenJDK 64-Bit Server VM (17.0.6+0-b2043.56-10027231, mixed mode, tiered, compressed oops, compressed class ptrs, g1 gc, windows-amd64)
GC Precious Log:
 CPUs: 12 total, 12 available
 Memory: 15741M
 Large Page Support: Disabled
 NUMA Support: Disabled
 Compressed Oops: Enabled (32-bit)
 Heap Region Size: 1M
 Heap Min Capacity: 8M
 Heap Initial Capacity: 246M
 Heap Max Capacity: 2G
 Pre-touch: Disabled
 Parallel Workers: 10
 Concurrent Workers: 3
 Concurrent Refinement Workers: 10
 Periodic GC: Disabled
Heap:
 garbage-first heap   total 321536K, used 226475K [0x0000000080000000, 0x0000000100000000)
  region size 1024K, 51 young (52224K), 4 survivors (4096K)
 Metaspace       used 100264K, committed 101056K, reserved 1138688K
  class space    used 13457K, committed 13824K, reserved 1048576K
GC Heap History (20 events):
Event: 12.344 GC heap before
{Heap before GC invocations=50 (full 0):
 garbage-first heap   total 211968K, used 149364K [0x0000000080000000, 0x0000000100000000)
  region size 1024K, 26 young (26624K), 6 survivors (6144K)
 Metaspace       used 95663K, committed 96384K, reserved 1138688K
  class space    used 12911K, committed 13248K, reserved 1048576K
}
Event: 12.347 GC heap after
{Heap after GC invocations=51 (full 0):
 garbage-first heap   total 254976K, used 132734K [0x0000000080000000, 0x0000000100000000)
  region size 1024K, 2 young (2048K), 2 survivors (2048K)
 Metaspace       used 95663K, committed 96384K, reserved 1138688K
  class space    used 12911K, committed 13248K, reserved 1048576K
}
Event: 12.633 GC heap before
{Heap before GC invocations=52 (full 0):
 garbage-first heap   total 254976K, used 187006K [0x0000000080000000, 0x0000000100000000)
  region size 1024K, 52 young (53248K), 2 survivors (2048K)
 Metaspace       used 95691K, committed 96448K, reserved 1138688K
  class space    used 12912K, committed 13248K, reserved 1048576K
}
Event: 12.642 GC heap after
{Heap after GC invocations=53 (full 0):
 garbage-first heap   total 254976K, used 150071K [0x0000000080000000, 0x0000000100000000)
  region size 1024K, 7 young (7168K), 7 survivors (7168K)
 Metaspace       used 95691K, committed 96448K, reserved 1138688K
  class space    used 12912K, committed 13248K, reserved 1048576K
}
Event: 12.718 GC heap before
{Heap before GC invocations=53 (full 0):
 garbage-first heap   total 254976K, used 154167K [0x0000000080000000, 0x0000000100000000)
  region size 1024K, 12 young (12288K), 7 survivors (7168K)
 Metaspace       used 95698K, committed 96448K, reserved 1138688K
  class space    used 12912K, committed 13248K, reserved 1048576K
}
Event: 12.722 GC heap after
{Heap after GC invocations=54 (full 0):
 garbage-first heap   total 254976K, used 151552K [0x0000000080000000, 0x0000000100000000)
  region size 1024K, 1 young (1024K), 1 survivors (1024K)
 Metaspace       used 95698K, committed 96448K, reserved 1138688K
  class space    used 12912K, committed 13248K, reserved 1048576K
}
Event: 13.370 GC heap before
{Heap before GC invocations=54 (full 0):
 garbage-first heap   total 254976K, used 195584K [0x0000000080000000, 0x0000000100000000)
  region size 1024K, 44 young (45056K), 1 survivors (1024K)
 Metaspace       used 95702K, committed 96448K, reserved 1138688K
  class space    used 12913K, committed 13248K, reserved 1048576K
}
Event: 13.372 GC heap after
{Heap after GC invocations=55 (full 0):
 garbage-first heap   total 254976K, used 152886K [0x0000000080000000, 0x0000000100000000)
  region size 1024K, 3 young (3072K), 3 survivors (3072K)
 Metaspace       used 95702K, committed 96448K, reserved 1138688K
  class space    used 12913K, committed 13248K, reserved 1048576K
}
Event: 13.860 GC heap before
{Heap before GC invocations=55 (full 0):
 garbage-first heap   total 254976K, used 199990K [0x0000000080000000, 0x0000000100000000)
  region size 1024K, 49 young (50176K), 3 survivors (3072K)
 Metaspace       used 95704K, committed 96448K, reserved 1138688K
  class space    used 12913K, committed 13248K, reserved 1048576K
}
Event: 13.862 GC heap after
{Heap after GC invocations=56 (full 0):
 garbage-first heap   total 254976K, used 154986K [0x0000000080000000, 0x0000000100000000)
  region size 1024K, 5 young (5120K), 5 survivors (5120K)
 Metaspace       used 95704K, committed 96448K, reserved 1138688K
  class space    used 12913K, committed 13248K, reserved 1048576K
}
Event: 14.676 GC heap before
{Heap before GC invocations=56 (full 0):
 garbage-first heap   total 254976K, used 204138K [0x0000000080000000, 0x0000000100000000)
  region size 1024K, 53 young (54272K), 5 survivors (5120K)
 Metaspace       used 95719K, committed 96448K, reserved 1138688K
  class space    used 12916K, committed 13248K, reserved 1048576K
}
Event: 14.679 GC heap after
{Heap after GC invocations=57 (full 0):
 garbage-first heap   total 254976K, used 157417K [0x0000000080000000, 0x0000000100000000)
  region size 1024K, 5 young (5120K), 5 survivors (5120K)
 Metaspace       used 95719K, committed 96448K, reserved 1138688K
  class space    used 12916K, committed 13248K, reserved 1048576K
}
Event: 15.433 GC heap before
{Heap before GC invocations=58 (full 0):
 garbage-first heap   total 268288K, used 207593K [0x0000000080000000, 0x0000000100000000)
  region size 1024K, 54 young (55296K), 5 survivors (5120K)
 Metaspace       used 95721K, committed 96448K, reserved 1138688K
  class space    used 12916K, committed 13248K, reserved 1048576K
}
Event: 15.437 GC heap after
{Heap after GC invocations=59 (full 0):
 garbage-first heap   total 268288K, used 160172K [0x0000000080000000, 0x0000000100000000)
  region size 1024K, 5 young (5120K), 5 survivors (5120K)
 Metaspace       used 95721K, committed 96448K, reserved 1138688K
  class space    used 12916K, committed 13248K, reserved 1048576K
}
Event: 15.545 GC heap before
{Heap before GC invocations=59 (full 0):
 garbage-first heap   total 268288K, used 168364K [0x0000000080000000, 0x0000000100000000)
  region size 1024K, 13 young (13312K), 5 survivors (5120K)
 Metaspace       used 95721K, committed 96448K, reserved 1138688K
  class space    used 12916K, committed 13248K, reserved 1048576K
}
Event: 15.547 GC heap after
{Heap after GC invocations=60 (full 0):
 garbage-first heap   total 268288K, used 160207K [0x0000000080000000, 0x0000000100000000)
  region size 1024K, 1 young (1024K), 1 survivors (1024K)
 Metaspace       used 95721K, committed 96448K, reserved 1138688K
  class space    used 12916K, committed 13248K, reserved 1048576K
}
Event: 16.278 GC heap before
{Heap before GC invocations=60 (full 0):
 garbage-first heap   total 268288K, used 219599K [0x0000000080000000, 0x0000000100000000)
  region size 1024K, 59 young (60416K), 1 survivors (1024K)
 Metaspace       used 95721K, committed 96448K, reserved 1138688K
  class space    used 12916K, committed 13248K, reserved 1048576K
}
Event: 16.281 GC heap after
{Heap after GC invocations=61 (full 0):
 garbage-first heap   total 268288K, used 162533K [0x0000000080000000, 0x0000000100000000)
  region size 1024K, 4 young (4096K), 4 survivors (4096K)
 Metaspace       used 95721K, committed 96448K, reserved 1138688K
  class space    used 12916K, committed 13248K, reserved 1048576K
}
Event: 16.339 GC heap before
{Heap before GC invocations=61 (full 0):
 garbage-first heap   total 268288K, used 169701K [0x0000000080000000, 0x0000000100000000)
  region size 1024K, 12 young (12288K), 4 survivors (4096K)
 Metaspace       used 95759K, committed 96448K, reserved 1138688K
  class space    used 12926K, committed 13248K, reserved 1048576K
}
Event: 16.340 GC heap after
{Heap after GC invocations=62 (full 0):
 garbage-first heap   total 268288K, used 162987K [0x0000000080000000, 0x0000000100000000)
  region size 1024K, 4 young (4096K), 4 survivors (4096K)
 Metaspace       used 95759K, committed 96448K, reserved 1138688K
  class space    used 12926K, committed 13248K, reserved 1048576K
}

